<?xml version="1.0" encoding="UTF-8"?>
<!-- Generated by org.testng.reporters.JUnitReportReporter -->
<testsuite hostname="DESKTOP-DJ4FDME" failures="0" tests="2" name="testNGDemo.TestScenarios8" time="0.003" errors="0" timestamp="2024-11-05T07:30:35 IST" skipped="0">
  <testcase classname="testNGDemo.TestScenarios8" name="fifth_testcase" time="0.002"/>
  <testcase classname="testNGDemo.TestScenarios8" name="seventh_testcase" time="0.001"/>
</testsuite> <!-- testNGDemo.TestScenarios8 -->
