<?xml version="1.0" encoding="UTF-8"?>
<!-- Generated by org.testng.reporters.JUnitReportReporter -->
<testsuite hostname="DESKTOP-DJ4FDME" failures="0" tests="1" name="testNGDemo.TestScenarios6" time="0.002" errors="0" timestamp="2024-11-05T07:30:35 IST" skipped="0">
  <testcase classname="testNGDemo.TestScenarios6" name="first_testcase" time="0.002"/>
</testsuite> <!-- testNGDemo.TestScenarios6 -->
