<?xml version="1.0" encoding="UTF-8"?>
<!-- Generated by org.testng.reporters.JUnitReportReporter -->
<testsuite hostname="DESKTOP-DJ4FDME" failures="0" tests="1" name="org.xyz.automation.project.FetchDataRuntime" time="7.704" errors="0" timestamp="2024-11-13T06:55:08 IST" skipped="0">
  <testcase classname="org.xyz.automation.project.FetchDataRuntime" name="otherfields" time="7.704"/>
</testsuite> <!-- org.xyz.automation.project.FetchDataRuntime -->
