<?xml version="1.0" encoding="UTF-8"?>
<!-- Generated by org.testng.reporters.JUnitReportReporter -->
<testsuite hostname="DESKTOP-DJ4FDME" failures="0" tests="7" name="testNGDemo.TestScenarios" time="0.014" errors="0" timestamp="2024-11-05T07:26:12 IST" skipped="0">
  <testcase classname="testNGDemo.TestScenarios" name="sixth_testcase" time="0.001"/>
  <testcase classname="testNGDemo.TestScenarios" name="fifth_testcase" time="0.001"/>
  <testcase classname="testNGDemo.TestScenarios" name="third_testcase" time="0.003"/>
  <testcase classname="testNGDemo.TestScenarios" name="forth_testcase" time="0.002"/>
  <testcase classname="testNGDemo.TestScenarios" name="first_testcase" time="0.003"/>
  <testcase classname="testNGDemo.TestScenarios" name="second_testcase" time="0.001"/>
  <testcase classname="testNGDemo.TestScenarios" name="seventh_testcase" time="0.003"/>
</testsuite> <!-- testNGDemo.TestScenarios -->
