<?xml version="1.0" encoding="UTF-8"?>
<!-- Generated by org.testng.reporters.JUnitReportReporter -->
<testsuite hostname="DESKTOP-DJ4FDME" failures="0" tests="7" name="testNGDemo.TestScenarios10" time="0.016" errors="0" timestamp="2024-11-05T07:26:12 IST" skipped="0">
  <testcase classname="testNGDemo.TestScenarios10" name="forth_testcase" time="0.003"/>
  <testcase classname="testNGDemo.TestScenarios10" name="sixth_testcase" time="0.002"/>
  <testcase classname="testNGDemo.TestScenarios10" name="first_testcase" time="0.002"/>
  <testcase classname="testNGDemo.TestScenarios10" name="second_testcase" time="0.002"/>
  <testcase classname="testNGDemo.TestScenarios10" name="seventh_testcase" time="0.002"/>
  <testcase classname="testNGDemo.TestScenarios10" name="fifth_testcase" time="0.002"/>
  <testcase classname="testNGDemo.TestScenarios10" name="third_testcase" time="0.003"/>
</testsuite> <!-- testNGDemo.TestScenarios10 -->
