<?xml version="1.0" encoding="UTF-8"?>
<!-- Generated by org.testng.reporters.JUnitReportReporter -->
<testsuite hostname="DESKTOP-DJ4FDME" failures="0" tests="2" name="testNGDemo.TestScenarios3" time="0.016" errors="0" timestamp="2024-11-05T07:30:35 IST" skipped="0">
  <testcase classname="testNGDemo.TestScenarios3" name="seventh_testcase" time="0.005"/>
  <testcase classname="testNGDemo.TestScenarios3" name="fifth_testcase" time="0.011"/>
</testsuite> <!-- testNGDemo.TestScenarios3 -->
