<?xml version="1.0" encoding="UTF-8"?>
<!-- Generated by org.testng.reporters.JUnitReportReporter -->
<testsuite hostname="DESKTOP-DJ4FDME" failures="0" tests="1" name="org.wipro.automation.aumw.testcases.LoginScenario" time="5.134" errors="0" timestamp="2024-11-22T06:37:13 IST" skipped="0">
  <testcase classname="org.wipro.automation.aumw.testcases.LoginScenario" name="tc02_validateloginfunc_validCredential" time="5.134"/>
</testsuite> <!-- org.wipro.automation.aumw.testcases.LoginScenario -->
