<?xml version="1.0" encoding="UTF-8"?>
<!-- Generated by org.testng.reporters.JUnitReportReporter -->
<testsuite hostname="DESKTOP-DJ4FDME" failures="0" tests="7" name="testNGDemo.TestScenarios5" time="0.008" errors="0" timestamp="2024-11-05T07:26:12 IST" skipped="0">
  <testcase classname="testNGDemo.TestScenarios5" name="sixth_testcase" time="0.000"/>
  <testcase classname="testNGDemo.TestScenarios5" name="third_testcase" time="0.000"/>
  <testcase classname="testNGDemo.TestScenarios5" name="first_testcase" time="0.002"/>
  <testcase classname="testNGDemo.TestScenarios5" name="fifth_testcase" time="0.002"/>
  <testcase classname="testNGDemo.TestScenarios5" name="seventh_testcase" time="0.001"/>
  <testcase classname="testNGDemo.TestScenarios5" name="second_testcase" time="0.001"/>
  <testcase classname="testNGDemo.TestScenarios5" name="forth_testcase" time="0.002"/>
</testsuite> <!-- testNGDemo.TestScenarios5 -->
