<?xml version="1.0" encoding="UTF-8"?>
<!-- Generated by org.testng.reporters.JUnitReportReporter -->
<testsuite hostname="DESKTOP-DJ4FDME" failures="0" tests="4" name="org.xyz.automation.project.HandleKeyMouseWind" time="24.548" errors="0" timestamp="2024-11-19T06:21:30 IST" skipped="2">
  <testcase classname="org.xyz.automation.project.HandleKeyMouseWind" name="handleAlerts" time="6.607"/>
  <testcase classname="org.xyz.automation.project.HandleKeyMouseWind" name="handleFrames" time="17.941"/>
  <testcase classname="org.xyz.automation.project.HandleKeyMouseWind" name="mousehandle">
    <skipped/>
  </testcase> <!-- mousehandle -->
  <testcase classname="org.xyz.automation.project.HandleKeyMouseWind" name="keywordshandle">
    <skipped/>
  </testcase> <!-- keywordshandle -->
</testsuite> <!-- org.xyz.automation.project.HandleKeyMouseWind -->
