<?xml version="1.0" encoding="UTF-8"?>
<!-- Generated by org.testng.reporters.JUnitReportReporter -->
<testsuite hostname="DESKTOP-DJ4FDME" failures="0" tests="7" name="testNGDemo.TestScenarios9" time="0.046" errors="0" timestamp="2024-11-05T07:26:12 IST" skipped="0">
  <testcase classname="testNGDemo.TestScenarios9" name="seventh_testcase" time="0.003"/>
  <testcase classname="testNGDemo.TestScenarios9" name="forth_testcase" time="0.009"/>
  <testcase classname="testNGDemo.TestScenarios9" name="first_testcase" time="0.003"/>
  <testcase classname="testNGDemo.TestScenarios9" name="fifth_testcase" time="0.013"/>
  <testcase classname="testNGDemo.TestScenarios9" name="sixth_testcase" time="0.008"/>
  <testcase classname="testNGDemo.TestScenarios9" name="second_testcase" time="0.002"/>
  <testcase classname="testNGDemo.TestScenarios9" name="third_testcase" time="0.008"/>
</testsuite> <!-- testNGDemo.TestScenarios9 -->
