<?xml version="1.0" encoding="UTF-8"?>
<!-- Generated by org.testng.reporters.JUnitReportReporter -->
<testsuite hostname="DESKTOP-DJ4FDME" failures="0" tests="2" name="org.xyz.automation.project.LoginTestScenario" time="9.324" errors="0" timestamp="2024-11-08T06:54:36 IST" skipped="0">
  <testcase classname="org.xyz.automation.project.LoginTestScenario" name="tc02_validateLoginfunc" time="3.688"/>
  <testcase classname="org.xyz.automation.project.LoginTestScenario" name="tc01_validateSignupfunc" time="5.636"/>
</testsuite> <!-- org.xyz.automation.project.LoginTestScenario -->
