<?xml version="1.0" encoding="UTF-8"?>
<!-- Generated by org.testng.reporters.JUnitReportReporter -->
<testsuite hostname="DESKTOP-DJ4FDME" failures="0" tests="3" name="org.wipro.automation.aumw.testcases.LoginScenario" time="17.982" errors="0" timestamp="2024-11-21T06:20:59 IST" skipped="0">
  <testcase classname="org.wipro.automation.aumw.testcases.LoginScenario" name="tc01_validateloginfunc_validCredential" time="6.078"/>
  <testcase classname="org.wipro.automation.aumw.testcases.LoginScenario" name="tc01_validateloginfunc_validCredential" time="6.440"/>
  <testcase classname="org.wipro.automation.aumw.testcases.LoginScenario" name="tc01_validateloginfunc_validCredential" time="5.464"/>
</testsuite> <!-- org.wipro.automation.aumw.testcases.LoginScenario -->
