<?xml version="1.0" encoding="UTF-8"?>
<!-- Generated by org.testng.reporters.JUnitReportReporter -->
<testsuite hostname="DESKTOP-DJ4FDME" failures="0" tests="3" name="org.wipro.automation.aumw.testcases.SignupScenario" time="27.050" errors="0" timestamp="2024-11-21T06:38:53 IST" skipped="0">
  <testcase classname="org.wipro.automation.aumw.testcases.SignupScenario" name="tc01_validatesignup_validfirstnamelastname" time="9.699"/>
  <testcase classname="org.wipro.automation.aumw.testcases.SignupScenario" name="tc01_validatesignup_validfirstnamelastname" time="8.669"/>
  <testcase classname="org.wipro.automation.aumw.testcases.SignupScenario" name="tc01_validatesignup_validfirstnamelastname" time="8.682"/>
</testsuite> <!-- org.wipro.automation.aumw.testcases.SignupScenario -->
