<?xml version="1.0" encoding="UTF-8"?>
<!-- Generated by org.testng.reporters.JUnitReportReporter -->
<testsuite hostname="DESKTOP-DJ4FDME" failures="0" tests="2" name="org.xyz.automation.project.TheTestingWorld" time="14.128" errors="0" timestamp="2024-11-14T06:48:37 IST" skipped="1">
  <testcase classname="org.xyz.automation.project.TheTestingWorld" name="otherfields" time="14.128"/>
  <testcase classname="org.xyz.automation.project.TheTestingWorld" name="launchBrowser">
    <skipped/>
  </testcase> <!-- launchBrowser -->
</testsuite> <!-- org.xyz.automation.project.TheTestingWorld -->
