<?xml version="1.0" encoding="UTF-8"?>
<!-- Generated by org.testng.reporters.JUnitReportReporter -->
<testsuite hostname="DESKTOP-DJ4FDME" failures="0" tests="1" name="org.wipro.automation.aumw.basePkg.InitiateBrowser" time="5.514" errors="0" timestamp="2024-11-20T06:35:11 IST" skipped="0">
  <testcase classname="org.wipro.automation.aumw.basePkg.InitiateBrowser" name="launchBrowser" time="5.514"/>
</testsuite> <!-- org.wipro.automation.aumw.basePkg.InitiateBrowser -->
